********* Archive Project on 2023-04-30 22:38:47 *********
GOWIN Version: 1.9.8.10
Archive file: C:\Users\Rahmet\Desktop\fgpa_Projects\trafik_simulazsyon\trafik_simulazsyon.gar
Archive files successfully


********* Archived files *********
C:\Users\Rahmet\Desktop\fgpa_Projects\trafik_simulazsyon\impl\gwsynthesis\trafik_simulazsyon.prj
C:\Users\Rahmet\Desktop\fgpa_Projects\trafik_simulazsyon\impl\gwsynthesis\trafik_simulazsyon.vg
C:\Users\Rahmet\Desktop\fgpa_Projects\trafik_simulazsyon\impl\gwsynthesis\trafik_simulazsyon_syn.rpt.html
C:\Users\Rahmet\Desktop\fgpa_Projects\trafik_simulazsyon\impl\gwsynthesis\trafik_simulazsyon_syn_rsc.xml
C:\Users\Rahmet\Desktop\fgpa_Projects\trafik_simulazsyon\impl\pnr\cmd.do
C:\Users\Rahmet\Desktop\fgpa_Projects\trafik_simulazsyon\impl\pnr\device.cfg
C:\Users\Rahmet\Desktop\fgpa_Projects\trafik_simulazsyon\impl\pnr\trafik_simulazsyon.bin
C:\Users\Rahmet\Desktop\fgpa_Projects\trafik_simulazsyon\impl\pnr\trafik_simulazsyon.fs
C:\Users\Rahmet\Desktop\fgpa_Projects\trafik_simulazsyon\impl\pnr\trafik_simulazsyon.log
C:\Users\Rahmet\Desktop\fgpa_Projects\trafik_simulazsyon\impl\pnr\trafik_simulazsyon.pin.html
C:\Users\Rahmet\Desktop\fgpa_Projects\trafik_simulazsyon\impl\pnr\trafik_simulazsyon.power.html
C:\Users\Rahmet\Desktop\fgpa_Projects\trafik_simulazsyon\impl\pnr\trafik_simulazsyon.rpt.html
C:\Users\Rahmet\Desktop\fgpa_Projects\trafik_simulazsyon\impl\pnr\trafik_simulazsyon.rpt.txt
C:\Users\Rahmet\Desktop\fgpa_Projects\trafik_simulazsyon\impl\pnr\trafik_simulazsyon.timing_paths
C:\Users\Rahmet\Desktop\fgpa_Projects\trafik_simulazsyon\impl\pnr\trafik_simulazsyon.tr.html
C:\Users\Rahmet\Desktop\fgpa_Projects\trafik_simulazsyon\impl\pnr\trafik_simulazsyon_tr_cata.html
C:\Users\Rahmet\Desktop\fgpa_Projects\trafik_simulazsyon\impl\pnr\trafik_simulazsyon_tr_content.html
C:\Users\Rahmet\Desktop\fgpa_Projects\trafik_simulazsyon\src\trafik.v
C:\Users\Rahmet\Desktop\fgpa_Projects\trafik_simulazsyon\trafik_simulazsyon.gprj
C:\Users\Rahmet\Desktop\fgpa_Projects\trafik_simulazsyon\trafik_simulazsyon.gprj.user

********* Total 20 files to archive *********

